c:\users\peter\documents\visual studio 2015\projects\spam\spam\debug\vc140.pdb
c:\users\peter\documents\visual studio 2015\projects\spam\spam\debug\vc140.idb
c:\users\peter\documents\visual studio 2015\projects\spam\spam\debug\main.obj
c:\users\peter\documents\visual studio 2015\projects\pyrealsesne\spam\debug\vc140.pdb
c:\users\peter\documents\visual studio 2015\projects\pyrealsesne\spam\debug\vc140.idb
c:\users\peter\documents\visual studio 2015\projects\pyrealsesne\spam\debug\libpxc.obj
c:\users\peter\documents\visual studio 2015\projects\pyrealsesne\spam\debug\main.obj
c:\users\peter\documents\visual studio 2015\projects\spam\debug\spam.ilk
c:\users\peter\documents\visual studio 2015\projects\spam\debug\spam.pyd
c:\users\peter\documents\visual studio 2015\projects\spam\debug\spam.pdb
c:\users\peter\documents\visual studio 2015\projects\pyrealsesne\debug\spam.ilk
c:\users\peter\documents\visual studio 2015\projects\pyrealsesne\debug\spam.pyd
c:\users\peter\documents\visual studio 2015\projects\pyrealsesne\debug\spam.pdb
c:\users\peter\documents\visual studio 2015\projects\spam\debug\spam.lib
c:\users\peter\documents\visual studio 2015\projects\spam\debug\spam.exp
c:\users\peter\documents\visual studio 2015\projects\pyrealsesne\debug\spam.lib
c:\users\peter\documents\visual studio 2015\projects\pyrealsesne\debug\spam.exp
c:\users\peter\documents\visual studio 2015\projects\pyrealsesne\spam\debug\spam.tlog\cl.command.1.tlog
c:\users\peter\documents\visual studio 2015\projects\pyrealsesne\spam\debug\spam.tlog\cl.read.1.tlog
c:\users\peter\documents\visual studio 2015\projects\pyrealsesne\spam\debug\spam.tlog\cl.write.1.tlog
c:\users\peter\documents\visual studio 2015\projects\pyrealsesne\spam\debug\spam.tlog\link.command.1.tlog
c:\users\peter\documents\visual studio 2015\projects\pyrealsesne\spam\debug\spam.tlog\link.read.1.tlog
c:\users\peter\documents\visual studio 2015\projects\pyrealsesne\spam\debug\spam.tlog\link.write.1.tlog
c:\users\peter\documents\visual studio 2015\projects\pyrealsesne\spam\debug\spam.tlog\spam.write.1u.tlog
